<?xml version="1.0" encoding="UTF-8"?>
<!-- Generated by org.testng.reporters.JUnitXMLReporter -->
<testsuite ignored="0" hostname="DESKTOP-78GA1ON" failures="0" tests="3" name="Test" time="11.878" errors="0" timestamp="2023-07-31T16:15:25 IST">
  <testcase classname="com.genericUtils.demoblaze.Base" name="@BeforeClass beforeSuite" time="5.65">
    <failure type="java.lang.IllegalStateException" message="The path to the driver executable The path to the driver executable must be set by the webdriver.chrome.driver system property; for more information, see https://chromedriver.chromium.org/. The latest version can be downloaded from https://chromedriver.chromium.org/downloads">
      <![CDATA[java.lang.IllegalStateException: The path to the driver executable The path to the driver executable must be set by the webdriver.chrome.driver system property; for more information, see https://chromedriver.chromium.org/. The latest version can be downloaded from https://chromedriver.chromium.org/downloads
at org.openqa.selenium.internal.Require$StateChecker.nonNull(Require.java:314)
at org.openqa.selenium.remote.service.DriverService.findExecutable(DriverService.java:148)
at org.openqa.selenium.chrome.ChromeDriverService.access$000(ChromeDriverService.java:39)
at org.openqa.selenium.chrome.ChromeDriverService$Builder.findDefaultExecutable(ChromeDriverService.java:233)
at org.openqa.selenium.remote.service.DriverService$Builder.build(DriverService.java:450)
at org.openqa.selenium.chrome.ChromeDriverService.createServiceWithConfig(ChromeDriverService.java:142)
at org.openqa.selenium.chrome.ChromeDriver.<init>(ChromeDriver.java:70)
at com.genericUtils.demoblaze.Base.beforeSuite(Base.java:49)
at java.base/java.util.ArrayList.forEach(ArrayList.java:1511)
... Removed 25 stack frames]]>
    </failure>
  </testcase> <!-- @BeforeClass beforeSuite -->
  <testcase classname="com.genericUtils.demoblaze.Base" name="@BeforeMethod loginApp" time="-1.690800319973E9">
    <skipped/>
  </testcase> <!-- @BeforeMethod loginApp -->
  <testcase classname="com.genericUtils.demoblaze.Base" name="@AfterMethod logutApp" time="-1.690800319986E9">
    <skipped/>
  </testcase> <!-- @AfterMethod logutApp -->
  <testcase classname="com.genericUtils.demoblaze.Base" name="@BeforeMethod loginApp" time="-1.69080031999E9">
    <skipped/>
  </testcase> <!-- @BeforeMethod loginApp -->
  <testcase classname="com.genericUtils.demoblaze.Base" name="@AfterMethod logutApp" time="-1.690800319997E9">
    <skipped/>
  </testcase> <!-- @AfterMethod logutApp -->
  <testcase classname="com.genericUtils.demoblaze.Base" name="@AfterClass afterSuit" time="-1.69080032E9">
    <skipped/>
  </testcase> <!-- @AfterClass afterSuit -->
  <testcase classname="com.genericUtils.demoblaze.Base" name="@BeforeClass beforeSuite" time="5.109">
    <failure type="java.lang.IllegalStateException" message="The path to the driver executable The path to the driver executable must be set by the webdriver.chrome.driver system property; for more information, see https://chromedriver.chromium.org/. The latest version can be downloaded from https://chromedriver.chromium.org/downloads">
      <![CDATA[java.lang.IllegalStateException: The path to the driver executable The path to the driver executable must be set by the webdriver.chrome.driver system property; for more information, see https://chromedriver.chromium.org/. The latest version can be downloaded from https://chromedriver.chromium.org/downloads
at org.openqa.selenium.internal.Require$StateChecker.nonNull(Require.java:314)
at org.openqa.selenium.remote.service.DriverService.findExecutable(DriverService.java:148)
at org.openqa.selenium.chrome.ChromeDriverService.access$000(ChromeDriverService.java:39)
at org.openqa.selenium.chrome.ChromeDriverService$Builder.findDefaultExecutable(ChromeDriverService.java:233)
at org.openqa.selenium.remote.service.DriverService$Builder.build(DriverService.java:450)
at org.openqa.selenium.chrome.ChromeDriverService.createServiceWithConfig(ChromeDriverService.java:142)
at org.openqa.selenium.chrome.ChromeDriver.<init>(ChromeDriver.java:70)
at com.genericUtils.demoblaze.Base.beforeSuite(Base.java:49)
at java.base/java.util.ArrayList.forEach(ArrayList.java:1511)
... Removed 25 stack frames]]>
    </failure>
  </testcase> <!-- @BeforeClass beforeSuite -->
  <testcase classname="com.genericUtils.demoblaze.Base" name="@BeforeMethod loginApp" time="-1.690800325121E9">
    <skipped/>
  </testcase> <!-- @BeforeMethod loginApp -->
  <testcase classname="com.genericUtils.demoblaze.Base" name="@AfterMethod logutApp" time="-1.690800325128E9">
    <skipped/>
  </testcase> <!-- @AfterMethod logutApp -->
  <testcase classname="com.genericUtils.demoblaze.Base" name="@AfterClass afterSuit" time="-1.69080032513E9">
    <skipped/>
  </testcase> <!-- @AfterClass afterSuit -->
  <testcase classname="com.demoblaze.testscripts.ContactsDemoblaze" name="contactDemoblazeTest" time="0.0">
    <skipped/>
  </testcase> <!-- contactDemoblazeTest -->
  <testcase classname="com.demoblaze.testscripts.ContactsDemoblaze" name="contactDemoblazeTest" time="0.0">
    <skipped/>
  </testcase> <!-- contactDemoblazeTest -->
  <testcase classname="com.demoblaze.testscripts.AddToCart" name="addCart" time="0.0">
    <skipped/>
  </testcase> <!-- addCart -->
</testsuite> <!-- Test -->
